This is pdfTeX, Version 3.141592653-2.6-1.40.25 (TeX Live 2023/Debian) (preloaded format=pdflatex 2024.12.3)  14 APR 2025 21:33
entering extended mode
 restricted \write18 enabled.
 file:line:error style messages enabled.
 %&-line parsing enabled.
**/home/sehajganjoo/Report_Nomad/report2.tex
(/home/sehajganjoo/Report_Nomad/report2.tex
LaTeX2e <2023-11-01> patch level 1
L3 programming layer <2024-01-22>
(/usr/share/texlive/texmf-dist/tex/latex/base/article.cls
Document Class: article 2023/05/17 v1.4n Standard LaTeX document class
(/usr/share/texlive/texmf-dist/tex/latex/base/size12.clo
File: size12.clo 2023/05/17 v1.4n Standard LaTeX file (size option)
)
\c@part=\count187
\c@section=\count188
\c@subsection=\count189
\c@subsubsection=\count190
\c@paragraph=\count191
\c@subparagraph=\count192
\c@figure=\count193
\c@table=\count194
\abovecaptionskip=\skip48
\belowcaptionskip=\skip49
\bibindent=\dimen140
) (/usr/share/texlive/texmf-dist/tex/latex/graphics/graphicx.sty
Package: graphicx 2021/09/16 v1.2d Enhanced LaTeX Graphics (DPC,SPQR)
 (/usr/share/texlive/texmf-dist/tex/latex/graphics/keyval.sty
Package: keyval 2022/05/29 v1.15 key=value parser (DPC)
\KV@toks@=\toks17
) (/usr/share/texlive/texmf-dist/tex/latex/graphics/graphics.sty
Package: graphics 2022/03/10 v1.4e Standard LaTeX Graphics (DPC,SPQR)
 (/usr/share/texlive/texmf-dist/tex/latex/graphics/trig.sty
Package: trig 2021/08/11 v1.11 sin cos tan (DPC)
) (/usr/share/texlive/texmf-dist/tex/latex/graphics-cfg/graphics.cfg
File: graphics.cfg 2016/06/04 v1.11 sample graphics configuration
)
Package graphics Info: Driver file: pdftex.def on input line 107.
 (/usr/share/texlive/texmf-dist/tex/latex/graphics-def/pdftex.def
File: pdftex.def 2022/09/22 v1.2b Graphics/color driver for pdftex
))
\Gin@req@height=\dimen141
\Gin@req@width=\dimen142
) (/usr/share/texlive/texmf-dist/tex/latex/amsmath/amsmath.sty
Package: amsmath 2023/05/13 v2.17o AMS math features
\@mathmargin=\skip50

For additional information on amsmath, use the `?' option.
(/usr/share/texlive/texmf-dist/tex/latex/amsmath/amstext.sty
Package: amstext 2021/08/26 v2.01 AMS text
 (/usr/share/texlive/texmf-dist/tex/latex/amsmath/amsgen.sty
File: amsgen.sty 1999/11/30 v2.0 generic functions
\@emptytoks=\toks18
\ex@=\dimen143
)) (/usr/share/texlive/texmf-dist/tex/latex/amsmath/amsbsy.sty
Package: amsbsy 1999/11/29 v1.2d Bold Symbols
\pmbraise@=\dimen144
) (/usr/share/texlive/texmf-dist/tex/latex/amsmath/amsopn.sty
Package: amsopn 2022/04/08 v2.04 operator names
)
\inf@bad=\count195
LaTeX Info: Redefining \frac on input line 234.
\uproot@=\count196
\leftroot@=\count197
LaTeX Info: Redefining \overline on input line 399.
LaTeX Info: Redefining \colon on input line 410.
\classnum@=\count198
\DOTSCASE@=\count199
LaTeX Info: Redefining \ldots on input line 496.
LaTeX Info: Redefining \dots on input line 499.
LaTeX Info: Redefining \cdots on input line 620.
\Mathstrutbox@=\box51
\strutbox@=\box52
LaTeX Info: Redefining \big on input line 722.
LaTeX Info: Redefining \Big on input line 723.
LaTeX Info: Redefining \bigg on input line 724.
LaTeX Info: Redefining \Bigg on input line 725.
\big@size=\dimen145
LaTeX Font Info:    Redeclaring font encoding OML on input line 743.
LaTeX Font Info:    Redeclaring font encoding OMS on input line 744.
\macc@depth=\count266
LaTeX Info: Redefining \bmod on input line 905.
LaTeX Info: Redefining \pmod on input line 910.
LaTeX Info: Redefining \smash on input line 940.
LaTeX Info: Redefining \relbar on input line 970.
LaTeX Info: Redefining \Relbar on input line 971.
\c@MaxMatrixCols=\count267
\dotsspace@=\muskip16
\c@parentequation=\count268
\dspbrk@lvl=\count269
\tag@help=\toks19
\row@=\count270
\column@=\count271
\maxfields@=\count272
\andhelp@=\toks20
\eqnshift@=\dimen146
\alignsep@=\dimen147
\tagshift@=\dimen148
\tagwidth@=\dimen149
\totwidth@=\dimen150
\lineht@=\dimen151
\@envbody=\toks21
\multlinegap=\skip51
\multlinetaggap=\skip52
\mathdisplay@stack=\toks22
LaTeX Info: Redefining \[ on input line 2953.
LaTeX Info: Redefining \] on input line 2954.
) (/usr/share/texlive/texmf-dist/tex/latex/hyperref/hyperref.sty
Package: hyperref 2024-01-20 v7.01h Hypertext links for LaTeX
 (/usr/share/texlive/texmf-dist/tex/generic/iftex/iftex.sty
Package: iftex 2022/02/03 v1.0f TeX engine tests
) (/usr/share/texlive/texmf-dist/tex/latex/kvsetkeys/kvsetkeys.sty
Package: kvsetkeys 2022-10-05 v1.19 Key value parser (HO)
) (/usr/share/texlive/texmf-dist/tex/generic/kvdefinekeys/kvdefinekeys.sty
Package: kvdefinekeys 2019-12-19 v1.6 Define keys (HO)
) (/usr/share/texlive/texmf-dist/tex/generic/pdfescape/pdfescape.sty
Package: pdfescape 2019/12/09 v1.15 Implements pdfTeX's escape features (HO)
 (/usr/share/texlive/texmf-dist/tex/generic/ltxcmds/ltxcmds.sty
Package: ltxcmds 2023-12-04 v1.26 LaTeX kernel commands for general use (HO)
) (/usr/share/texlive/texmf-dist/tex/generic/pdftexcmds/pdftexcmds.sty
Package: pdftexcmds 2020-06-27 v0.33 Utility functions of pdfTeX for LuaTeX (HO)
 (/usr/share/texlive/texmf-dist/tex/generic/infwarerr/infwarerr.sty
Package: infwarerr 2019/12/03 v1.5 Providing info/warning/error messages (HO)
)
Package pdftexcmds Info: \pdf@primitive is available.
Package pdftexcmds Info: \pdf@ifprimitive is available.
Package pdftexcmds Info: \pdfdraftmode found.
)) (/usr/share/texlive/texmf-dist/tex/latex/hycolor/hycolor.sty
Package: hycolor 2020-01-27 v1.10 Color options for hyperref/bookmark (HO)
) (/usr/share/texlive/texmf-dist/tex/latex/auxhook/auxhook.sty
Package: auxhook 2019-12-17 v1.6 Hooks for auxiliary files (HO)
) (/usr/share/texlive/texmf-dist/tex/latex/hyperref/nameref.sty
Package: nameref 2023-11-26 v2.56 Cross-referencing by name of section
 (/usr/share/texlive/texmf-dist/tex/latex/refcount/refcount.sty
Package: refcount 2019/12/15 v3.6 Data extraction from label references (HO)
) (/usr/share/texlive/texmf-dist/tex/generic/gettitlestring/gettitlestring.sty
Package: gettitlestring 2019/12/15 v1.6 Cleanup title references (HO)
 (/usr/share/texlive/texmf-dist/tex/latex/kvoptions/kvoptions.sty
Package: kvoptions 2022-06-15 v3.15 Key value format for package options (HO)
))
\c@section@level=\count273
) (/usr/share/texlive/texmf-dist/tex/latex/etoolbox/etoolbox.sty
Package: etoolbox 2020/10/05 v2.5k e-TeX tools for LaTeX (JAW)
\etb@tempcnta=\count274
)
\@linkdim=\dimen152
\Hy@linkcounter=\count275
\Hy@pagecounter=\count276
 (/usr/share/texlive/texmf-dist/tex/latex/hyperref/pd1enc.def
File: pd1enc.def 2024-01-20 v7.01h Hyperref: PDFDocEncoding definition (HO)
Now handling font encoding PD1 ...
... no UTF-8 mapping file for font encoding PD1
) (/usr/share/texlive/texmf-dist/tex/generic/intcalc/intcalc.sty
Package: intcalc 2019/12/15 v1.3 Expandable calculations with integers (HO)
)
\Hy@SavedSpaceFactor=\count277
 (/usr/share/texlive/texmf-dist/tex/latex/hyperref/puenc.def
File: puenc.def 2024-01-20 v7.01h Hyperref: PDF Unicode definition (HO)
Now handling font encoding PU ...
... no UTF-8 mapping file for font encoding PU
)
Package hyperref Info: Hyper figures OFF on input line 4179.
Package hyperref Info: Link nesting OFF on input line 4184.
Package hyperref Info: Hyper index ON on input line 4187.
Package hyperref Info: Plain pages OFF on input line 4194.
Package hyperref Info: Backreferencing OFF on input line 4199.
Package hyperref Info: Implicit mode ON; LaTeX internals redefined.
Package hyperref Info: Bookmarks ON on input line 4446.
\c@Hy@tempcnt=\count278
 (/usr/share/texlive/texmf-dist/tex/latex/url/url.sty
\Urlmuskip=\muskip17
Package: url 2013/09/16  ver 3.4  Verb mode for urls, etc.
)
LaTeX Info: Redefining \url on input line 4784.
\XeTeXLinkMargin=\dimen153
 (/usr/share/texlive/texmf-dist/tex/generic/bitset/bitset.sty
Package: bitset 2019/12/09 v1.3 Handle bit-vector datatype (HO)
 (/usr/share/texlive/texmf-dist/tex/generic/bigintcalc/bigintcalc.sty
Package: bigintcalc 2019/12/15 v1.5 Expandable calculations on big integers (HO)
))
\Fld@menulength=\count279
\Field@Width=\dimen154
\Fld@charsize=\dimen155
Package hyperref Info: Hyper figures OFF on input line 6063.
Package hyperref Info: Link nesting OFF on input line 6068.
Package hyperref Info: Hyper index ON on input line 6071.
Package hyperref Info: backreferencing OFF on input line 6078.
Package hyperref Info: Link coloring OFF on input line 6083.
Package hyperref Info: Link coloring with OCG OFF on input line 6088.
Package hyperref Info: PDF/A mode OFF on input line 6093.
 (/usr/share/texlive/texmf-dist/tex/latex/base/atbegshi-ltx.sty
Package: atbegshi-ltx 2021/01/10 v1.0c Emulation of the original atbegshi
package with kernel methods
)
\Hy@abspage=\count280
\c@Item=\count281
\c@Hfootnote=\count282
)
Package hyperref Info: Driver (autodetected): hpdftex.
 (/usr/share/texlive/texmf-dist/tex/latex/hyperref/hpdftex.def
File: hpdftex.def 2024-01-20 v7.01h Hyperref driver for pdfTeX
 (/usr/share/texlive/texmf-dist/tex/latex/base/atveryend-ltx.sty
Package: atveryend-ltx 2020/08/19 v1.0a Emulation of the original atveryend package
with kernel methods
)
\Fld@listcount=\count283
\c@bookmark@seq@number=\count284
 (/usr/share/texlive/texmf-dist/tex/latex/rerunfilecheck/rerunfilecheck.sty
Package: rerunfilecheck 2022-07-10 v1.10 Rerun checks for auxiliary files (HO)
 (/usr/share/texlive/texmf-dist/tex/generic/uniquecounter/uniquecounter.sty
Package: uniquecounter 2019/12/15 v1.4 Provide unlimited unique counter (HO)
)
Package uniquecounter Info: New unique counter `rerunfilecheck' on input line 285.
)
\Hy@SectionHShift=\skip53
) (/usr/share/texlive/texmf-dist/tex/latex/caption/caption.sty
Package: caption 2023/08/05 v3.6o Customizing captions (AR)
 (/usr/share/texlive/texmf-dist/tex/latex/caption/caption3.sty
Package: caption3 2023/07/31 v2.4d caption3 kernel (AR)
\caption@tempdima=\dimen156
\captionmargin=\dimen157
\caption@leftmargin=\dimen158
\caption@rightmargin=\dimen159
\caption@width=\dimen160
\caption@indent=\dimen161
\caption@parindent=\dimen162
\caption@hangindent=\dimen163
Package caption Info: Standard document class detected.
)
\c@caption@flags=\count285
\c@continuedfloat=\count286
Package caption Info: hyperref package is loaded.
) (/usr/share/texlive/texmf-dist/tex/latex/float/float.sty
Package: float 2001/11/08 v1.3d Float enhancements (AL)
\c@float@type=\count287
\float@exts=\toks23
\float@box=\box53
\@float@everytoks=\toks24
\@floatcapt=\box54
) (/usr/share/texlive/texmf-dist/tex/latex/titlesec/titlesec.sty
Package: titlesec 2023/10/27 v2.16 Sectioning titles
\ttl@box=\box55
\beforetitleunit=\skip54
\aftertitleunit=\skip55
\ttl@plus=\dimen164
\ttl@minus=\dimen165
\ttl@toksa=\toks25
\titlewidth=\dimen166
\titlewidthlast=\dimen167
\titlewidthfirst=\dimen168
) (/usr/share/texlive/texmf-dist/tex/latex/geometry/geometry.sty
Package: geometry 2020/01/02 v5.9 Page Geometry
 (/usr/share/texlive/texmf-dist/tex/generic/iftex/ifvtex.sty
Package: ifvtex 2019/10/25 v1.7 ifvtex legacy package. Use iftex instead.
)
\Gm@cnth=\count288
\Gm@cntv=\count289
\c@Gm@tempcnt=\count290
\Gm@bindingoffset=\dimen169
\Gm@wd@mp=\dimen170
\Gm@odd@mp=\dimen171
\Gm@even@mp=\dimen172
\Gm@layoutwidth=\dimen173
\Gm@layoutheight=\dimen174
\Gm@layouthoffset=\dimen175
\Gm@layoutvoffset=\dimen176
\Gm@dimlist=\toks26
) (/usr/share/texlive/texmf-dist/tex/latex/appendix/appendix.sty
Package: appendix 2020/02/08 v1.2c extra appendix facilities
\c@@pps=\count291
\c@@ppsavesec=\count292
\c@@ppsaveapp=\count293
) (/usr/share/texlive/texmf-dist/tex/latex/booktabs/booktabs.sty
Package: booktabs 2020/01/12 v1.61803398 Publication quality tables
\heavyrulewidth=\dimen177
\lightrulewidth=\dimen178
\cmidrulewidth=\dimen179
\belowrulesep=\dimen180
\belowbottomsep=\dimen181
\aboverulesep=\dimen182
\abovetopsep=\dimen183
\cmidrulesep=\dimen184
\cmidrulekern=\dimen185
\defaultaddspace=\dimen186
\@cmidla=\count294
\@cmidlb=\count295
\@aboverulesep=\dimen187
\@belowrulesep=\dimen188
\@thisruleclass=\count296
\@lastruleclass=\count297
\@thisrulewidth=\dimen189
) (/usr/share/texlive/texmf-dist/tex/latex/xcolor/xcolor.sty
Package: xcolor 2023/11/15 v3.01 LaTeX color extensions (UK)
 (/usr/share/texlive/texmf-dist/tex/latex/graphics-cfg/color.cfg
File: color.cfg 2016/01/02 v1.6 sample color configuration
)
Package xcolor Info: Driver file: pdftex.def on input line 274.
 (/usr/share/texlive/texmf-dist/tex/latex/graphics/mathcolor.ltx)
Package xcolor Info: Model `cmy' substituted by `cmy0' on input line 1350.
Package xcolor Info: Model `hsb' substituted by `rgb' on input line 1354.
Package xcolor Info: Model `RGB' extended on input line 1366.
Package xcolor Info: Model `HTML' substituted by `rgb' on input line 1368.
Package xcolor Info: Model `Hsb' substituted by `hsb' on input line 1369.
Package xcolor Info: Model `tHsb' substituted by `hsb' on input line 1370.
Package xcolor Info: Model `HSB' substituted by `hsb' on input line 1371.
Package xcolor Info: Model `Gray' substituted by `gray' on input line 1372.
Package xcolor Info: Model `wave' substituted by `hsb' on input line 1373.
) (/usr/share/texlive/texmf-dist/tex/latex/tools/tabularx.sty
Package: tabularx 2023/07/08 v2.11c `tabularx' package (DPC)
 (/usr/share/texlive/texmf-dist/tex/latex/tools/array.sty
Package: array 2023/10/16 v2.5g Tabular extension package (FMi)
\col@sep=\dimen190
\ar@mcellbox=\box56
\extrarowheight=\dimen191
\NC@list=\toks27
\extratabsurround=\skip56
\backup@length=\skip57
\ar@cellbox=\box57
)
\TX@col@width=\dimen192
\TX@old@table=\dimen193
\TX@old@col=\dimen194
\TX@target=\dimen195
\TX@delta=\dimen196
\TX@cols=\count298
\TX@ftn=\toks28
) (/usr/share/texlive/texmf-dist/tex/latex/multirow/multirow.sty
Package: multirow 2021/03/15 v2.8 Span multiple rows of a table
\multirow@colwidth=\skip58
\multirow@cntb=\count299
\multirow@dima=\skip59
\bigstrutjot=\dimen197
) (/usr/share/texlive/texmf-dist/tex/latex/caption/subcaption.sty
Package: subcaption 2023/07/28 v1.6b Sub-captions (AR)
Package caption Info: New subtype `subfigure' on input line 238.
\c@subfigure=\count300
Package caption Info: New subtype `subtable' on input line 238.
\c@subtable=\count301
) (/usr/share/texlive/texmf-dist/tex/latex/listings/listings.sty
\lst@mode=\count302
\lst@gtempboxa=\box58
\lst@token=\toks29
\lst@length=\count303
\lst@currlwidth=\dimen198
\lst@column=\count304
\lst@pos=\count305
\lst@lostspace=\dimen199
\lst@width=\dimen256
\lst@newlines=\count306
\lst@lineno=\count307
\lst@maxwidth=\dimen257
 (/usr/share/texlive/texmf-dist/tex/latex/listings/lstmisc.sty
File: lstmisc.sty 2023/02/27 1.9 (Carsten Heinz)
\c@lstnumber=\count308
\lst@skipnumbers=\count309
\lst@framebox=\box59
) (/usr/share/texlive/texmf-dist/tex/latex/listings/listings.cfg
File: listings.cfg 2023/02/27 1.9 listings configuration
))
Package: listings 2023/02/27 1.9 (Carsten Heinz)
 (/usr/share/texlive/texmf-dist/tex/latex/listings/lstlang1.sty
File: lstlang1.sty 2023/02/27 1.9 listings language file
) (/usr/share/texlive/texmf-dist/tex/latex/l3backend/l3backend-pdftex.def
File: l3backend-pdftex.def 2024-01-04 L3 backend support: PDF output (pdfTeX)
\l__color_backend_stack_int=\count310
\l__pdf_internal_box=\box60
) (./report2.aux

LaTeX Warning: Label `fig:train_action_samples_1' multiply defined.


LaTeX Warning: Label `fig:train_action_samples_1' multiply defined.


LaTeX Warning: Label `fig:train_action_samples_1' multiply defined.


LaTeX Warning: Label `fig:sacon_test_action_samples_1' multiply defined.


LaTeX Warning: Label `fig:sacon_test_action_samples_1' multiply defined.


LaTeX Warning: Label `fig:gc_action_loss_train' multiply defined.


LaTeX Warning: Label `sub@fig:gc_action_loss_train' multiply defined.


LaTeX Warning: Label `fig:gc_action_loss_val' multiply defined.


LaTeX Warning: Label `sub@fig:gc_action_loss_val' multiply defined.


LaTeX Warning: Label `fig:gc_dist_loss_val' multiply defined.


LaTeX Warning: Label `sub@fig:gc_dist_loss_val' multiply defined.


LaTeX Warning: Label `fig:vint_action_loss_train' multiply defined.


LaTeX Warning: Label `sub@fig:vint_action_loss_train' multiply defined.


LaTeX Warning: Label `fig:vint_action_loss_val' multiply defined.


LaTeX Warning: Label `sub@fig:vint_action_loss_val' multiply defined.


LaTeX Warning: Label `fig:gc_action_loss_val_vint' multiply defined.


LaTeX Warning: Label `sub@fig:gc_action_loss_val_vint' multiply defined.


LaTeX Warning: Label `subsec:architecture' multiply defined.


LaTeX Warning: Label `subsec:goal_masking' multiply defined.

)
\openout1 = `report2.aux'.

LaTeX Font Info:    Checking defaults for OML/cmm/m/it on input line 57.
LaTeX Font Info:    ... okay on input line 57.
LaTeX Font Info:    Checking defaults for OMS/cmsy/m/n on input line 57.
LaTeX Font Info:    ... okay on input line 57.
LaTeX Font Info:    Checking defaults for OT1/cmr/m/n on input line 57.
LaTeX Font Info:    ... okay on input line 57.
LaTeX Font Info:    Checking defaults for T1/cmr/m/n on input line 57.
LaTeX Font Info:    ... okay on input line 57.
LaTeX Font Info:    Checking defaults for TS1/cmr/m/n on input line 57.
LaTeX Font Info:    ... okay on input line 57.
LaTeX Font Info:    Checking defaults for OMX/cmex/m/n on input line 57.
LaTeX Font Info:    ... okay on input line 57.
LaTeX Font Info:    Checking defaults for U/cmr/m/n on input line 57.
LaTeX Font Info:    ... okay on input line 57.
LaTeX Font Info:    Checking defaults for PD1/pdf/m/n on input line 57.
LaTeX Font Info:    ... okay on input line 57.
LaTeX Font Info:    Checking defaults for PU/pdf/m/n on input line 57.
LaTeX Font Info:    ... okay on input line 57.
 (/usr/share/texlive/texmf-dist/tex/context/base/mkii/supp-pdf.mkii
[Loading MPS to PDF converter (version 2006.09.02).]
\scratchcounter=\count311
\scratchdimen=\dimen258
\scratchbox=\box61
\nofMPsegments=\count312
\nofMParguments=\count313
\everyMPshowfont=\toks30
\MPscratchCnt=\count314
\MPscratchDim=\dimen259
\MPnumerator=\count315
\makeMPintoPDFobject=\count316
\everyMPtoPDFconversion=\toks31
) (/usr/share/texlive/texmf-dist/tex/latex/epstopdf-pkg/epstopdf-base.sty
Package: epstopdf-base 2020-01-24 v2.11 Base part for package epstopdf
Package epstopdf-base Info: Redefining graphics rule for `.eps' on input line 485.
 (/usr/share/texlive/texmf-dist/tex/latex/latexconfig/epstopdf-sys.cfg
File: epstopdf-sys.cfg 2010/07/13 v1.3 Configuration of (r)epstopdf for TeX Live
))
Package hyperref Info: Link coloring OFF on input line 57.
 (./report2.out) (./report2.out)
\@outlinefile=\write3
\openout3 = `report2.out'.

Package caption Info: Begin \AtBeginDocument code.
Package caption Info: float package is loaded.
Package caption Info: listings package is loaded.
Package caption Info: End \AtBeginDocument code.

*geometry* driver: auto-detecting
*geometry* detected driver: pdftex
*geometry* verbose mode - [ preamble ] result:
* driver: pdftex
* paper: <default>
* layout: <same size as paper>
* layoutoffset:(h,v)=(0.0pt,0.0pt)
* modes: 
* h-part:(L,W,R)=(72.26999pt, 469.75502pt, 72.26999pt)
* v-part:(T,H,B)=(72.26999pt, 650.43001pt, 72.26999pt)
* \paperwidth=614.295pt
* \paperheight=794.96999pt
* \textwidth=469.75502pt
* \textheight=650.43001pt
* \oddsidemargin=0.0pt
* \evensidemargin=0.0pt
* \topmargin=-37.0pt
* \headheight=12.0pt
* \headsep=25.0pt
* \topskip=12.0pt
* \footskip=30.0pt
* \marginparwidth=44.0pt
* \marginparsep=10.0pt
* \columnsep=10.0pt
* \skip\footins=10.8pt plus 4.0pt minus 2.0pt
* \hoffset=0.0pt
* \voffset=0.0pt
* \mag=1000
* \@twocolumnfalse
* \@twosidefalse
* \@mparswitchfalse
* \@reversemarginfalse
* (1in=72.27pt=25.4mm, 1cm=28.453pt)

\c@lstlisting=\count317
[1

{/var/lib/texmf/fonts/map/pdftex/updmap/pdftex.map}{/usr/share/texmf/fonts/enc/dvips/cm-super/cm-super-ts1.enc}]
Underfull \hbox (badness 10000) in paragraph at lines 88--89

 []


Underfull \hbox (badness 10000) in paragraph at lines 103--106

 []

[2]
Underfull \hbox (badness 10000) in paragraph at lines 116--117

 []

<images/lr.png, id=108, 2537.48pt x 1332.98pt>
File: images/lr.png Graphic file (type png)
<use images/lr.png>
Package pdftex.def Info: images/lr.png  used on input line 130.
(pdftex.def)             Requested size: 469.75502pt x 246.76015pt.
[3] [4 <./images/lr.png>]
Underfull \hbox (badness 10000) in paragraph at lines 155--159

 []

<images/train_action_samples_1.png, id=121, 1715.40875pt x 594.22pt>
File: images/train_action_samples_1.png Graphic file (type png)
<use images/train_action_samples_1.png>
Package pdftex.def Info: images/train_action_samples_1.png  used on input line 163.
(pdftex.def)             Requested size: 469.75502pt x 162.72644pt.
<images/train_action_samples_2.png, id=122, 1583.9175pt x 505.89pt>
File: images/train_action_samples_2.png Graphic file (type png)
<use images/train_action_samples_2.png>
Package pdftex.def Info: images/train_action_samples_2.png  used on input line 167.
(pdftex.def)             Requested size: 469.75502pt x 150.03133pt.
<images/train_action_samples_3.png, id=123, 1619.04875pt x 506.89375pt>
File: images/train_action_samples_3.png Graphic file (type png)
<use images/train_action_samples_3.png>
Package pdftex.def Info: images/train_action_samples_3.png  used on input line 171.
(pdftex.def)             Requested size: 469.75502pt x 147.06503pt.
[5 <./images/train_action_samples_1.png>]
<images/train_action_samples_4.png, id=130, 1594.95876pt x 464.73625pt>
File: images/train_action_samples_4.png Graphic file (type png)
<use images/train_action_samples_4.png>
Package pdftex.def Info: images/train_action_samples_4.png  used on input line 175.
(pdftex.def)             Requested size: 469.75502pt x 136.87617pt.
<images/sacson_test_action_samples_1.png, id=131, 1617.04124pt x 476.78125pt>
File: images/sacson_test_action_samples_1.png Graphic file (type png)
<use images/sacson_test_action_samples_1.png>
Package pdftex.def Info: images/sacson_test_action_samples_1.png  used on input line 180.
(pdftex.def)             Requested size: 469.75502pt x 138.5031pt.
<images/sacson_test_action_samples_2.png, id=132, 1617.04124pt x 472.76625pt>
File: images/sacson_test_action_samples_2.png Graphic file (type png)
<use images/sacson_test_action_samples_2.png>
Package pdftex.def Info: images/sacson_test_action_samples_2.png  used on input line 184.
(pdftex.def)             Requested size: 469.75502pt x 137.33675pt.
 [6 <./images/train_action_samples_2.png> <./images/train_action_samples_3.png> <./images/train_action_samples_4.png>]
<images/sacson_test_action_samples_3.png, id=143, 1642.135pt x 497.86pt>
File: images/sacson_test_action_samples_3.png Graphic file (type png)
<use images/sacson_test_action_samples_3.png>
Package pdftex.def Info: images/sacson_test_action_samples_3.png  used on input line 188.
(pdftex.def)             Requested size: 469.75502pt x 142.41574pt.
<images/gc_distloss_nomad.png, id=144, 3044.37375pt x 1598.97375pt>
File: images/gc_distloss_nomad.png Graphic file (type png)
<use images/gc_distloss_nomad.png>
Package pdftex.def Info: images/gc_distloss_nomad.png  used on input line 200.
(pdftex.def)             Requested size: 225.4804pt x 118.40515pt.
<images/gc_dist_loss_test.png, id=145, 3044.37375pt x 1598.97375pt>
File: images/gc_dist_loss_test.png Graphic file (type png)
<use images/gc_dist_loss_test.png>
Package pdftex.def Info: images/gc_dist_loss_test.png  used on input line 207.
(pdftex.def)             Requested size: 225.4804pt x 118.40515pt.

Underfull \hbox (badness 10000) in paragraph at lines 194--212

 []

[7 <./images/sacson_test_action_samples_1.png> <./images/sacson_test_action_samples_2.png> <./images/sacson_test_action_samples_3.png>]
Underfull \hbox (badness 10000) in paragraph at lines 213--214

 []

<images/gc_actionloss_nomad.png, id=157, 3044.37375pt x 1598.97375pt>
File: images/gc_actionloss_nomad.png Graphic file (type png)
<use images/gc_actionloss_nomad.png>
Package pdftex.def Info: images/gc_actionloss_nomad.png  used on input line 220.
(pdftex.def)             Requested size: 225.4804pt x 118.40515pt.
<images/gc_actionloss_test_nomad.png, id=158, 3044.37375pt x 1598.97375pt>
File: images/gc_actionloss_test_nomad.png Graphic file (type png)
<use images/gc_actionloss_test_nomad.png>
Package pdftex.def Info: images/gc_actionloss_test_nomad.png  used on input line 227.
(pdftex.def)             Requested size: 225.4804pt x 118.40515pt.

Underfull \hbox (badness 10000) in paragraph at lines 215--232

 []


Underfull \hbox (badness 10000) in paragraph at lines 233--234

 []

<images/gc_action_waypts_cos_sim_train.png, id=159, 2537.48pt x 1332.98pt>
File: images/gc_action_waypts_cos_sim_train.png Graphic file (type png)
<use images/gc_action_waypts_cos_sim_train.png>
Package pdftex.def Info: images/gc_action_waypts_cos_sim_train.png  used on input line 240.
(pdftex.def)             Requested size: 225.4804pt x 118.43755pt.
<images/gc_action_waypts_cos_sim_test.png, id=160, 2537.48pt x 1332.98pt>
File: images/gc_action_waypts_cos_sim_test.png Graphic file (type png)
<use images/gc_action_waypts_cos_sim_test.png>
Package pdftex.def Info: images/gc_action_waypts_cos_sim_test.png  used on input line 247.
(pdftex.def)             Requested size: 225.4804pt x 118.43755pt.

Underfull \hbox (badness 10000) in paragraph at lines 235--252

 []

[8 <./images/gc_distloss_nomad.png> <./images/gc_dist_loss_test.png> <./images/gc_actionloss_nomad.png> <./images/gc_actionloss_test_nomad.png>]
<images/gc_multi_action_waypts_cos_sim.png, id=171, 2537.48pt x 1332.98pt>
File: images/gc_multi_action_waypts_cos_sim.png Graphic file (type png)
<use images/gc_multi_action_waypts_cos_sim.png>
Package pdftex.def Info: images/gc_multi_action_waypts_cos_sim.png  used on input line 265.
(pdftex.def)             Requested size: 225.4804pt x 118.43755pt.
<images/gc_multi_action_waypts_cos_sim_test.png, id=172, 2537.48pt x 1332.98pt>
File: images/gc_multi_action_waypts_cos_sim_test.png Graphic file (type png)
<use images/gc_multi_action_waypts_cos_sim_test.png>
Package pdftex.def Info: images/gc_multi_action_waypts_cos_sim_test.png  used on input line 272.
(pdftex.def)             Requested size: 225.4804pt x 118.43755pt.

Underfull \hbox (badness 10000) in paragraph at lines 260--277

 []

[9 <./images/gc_action_waypts_cos_sim_train.png> <./images/gc_action_waypts_cos_sim_test.png> <./images/gc_multi_action_waypts_cos_sim.png> <./images/gc_multi_action_waypts_cos_sim_test.png>] [10]
<images/uc_action_train.png, id=187, 3044.37375pt x 1598.97375pt>
File: images/uc_action_train.png Graphic file (type png)
<use images/uc_action_train.png>
Package pdftex.def Info: images/uc_action_train.png  used on input line 289.
(pdftex.def)             Requested size: 225.4804pt x 118.40515pt.
<images/uc_action_test.png, id=188, 3044.37375pt x 1598.97375pt>
File: images/uc_action_test.png Graphic file (type png)
<use images/uc_action_test.png>
Package pdftex.def Info: images/uc_action_test.png  used on input line 296.
(pdftex.def)             Requested size: 225.4804pt x 118.40515pt.

Underfull \hbox (badness 10000) in paragraph at lines 282--301

 []

<images/uc_action_sim_train(1).png, id=189, 2271.48625pt x 1193.45876pt>
File: images/uc_action_sim_train(1).png Graphic file (type png)
<use images/uc_action_sim_train(1).png>
Package pdftex.def Info: images/uc_action_sim_train(1).png  used on input line 307.
(pdftex.def)             Requested size: 225.4804pt x 118.46054pt.
<images/uc_action_sim_test.png, id=190, 2271.48625pt x 1193.45876pt>
File: images/uc_action_sim_test.png Graphic file (type png)
<use images/uc_action_sim_test.png>
Package pdftex.def Info: images/uc_action_sim_test.png  used on input line 314.
(pdftex.def)             Requested size: 225.4804pt x 118.46054pt.

Underfull \hbox (badness 10000) in paragraph at lines 302--319

 []

[11 <./images/uc_action_train.png> <./images/uc_action_test.png> <./images/uc_action_sim_train(1).png> <./images/uc_action_sim_test.png>]
<images/cs_multi_action_cos_train.png, id=202, 2271.48625pt x 1193.45876pt>
File: images/cs_multi_action_cos_train.png Graphic file (type png)
<use images/cs_multi_action_cos_train.png>
Package pdftex.def Info: images/cs_multi_action_cos_train.png  used on input line 326.
(pdftex.def)             Requested size: 225.4804pt x 118.46054pt.
<images/uc_multi_action_sim_test.png, id=203, 2271.48625pt x 1193.45876pt>
File: images/uc_multi_action_sim_test.png Graphic file (type png)
<use images/uc_multi_action_sim_test.png>
Package pdftex.def Info: images/uc_multi_action_sim_test.png  used on input line 332.
(pdftex.def)             Requested size: 225.4804pt x 118.46054pt.

Underfull \hbox (badness 10000) in paragraph at lines 321--337

 []

<images/dist_loss.png, id=204, 2029.5825pt x 1065.9825pt>
File: images/dist_loss.png Graphic file (type png)
<use images/dist_loss.png>
Package pdftex.def Info: images/dist_loss.png  used on input line 344.
(pdftex.def)             Requested size: 375.80544pt x 197.3826pt.

Underfull \hbox (badness 10000) in paragraph at lines 339--348

 []


Underfull \hbox (badness 10000) in paragraph at lines 349--350

 []

<images/diffusion_loss.png, id=206, 2029.5825pt x 1065.9825pt>
File: images/diffusion_loss.png Graphic file (type png)
<use images/diffusion_loss.png>
Package pdftex.def Info: images/diffusion_loss.png  used on input line 355.
(pdftex.def)             Requested size: 225.4804pt x 118.41328pt.
<images/diffusion_eval_loss_random_masking.png, id=207, 2537.48pt x 1332.98pt>
File: images/diffusion_eval_loss_random_masking.png Graphic file (type png)
<use images/diffusion_eval_loss_random_masking.png>
Package pdftex.def Info: images/diffusion_eval_loss_random_masking.png  used on input line 362.
(pdftex.def)             Requested size: 225.4804pt x 118.43755pt.
<images/diffusion_eval_loss_no_masking.png, id=208, 2537.48pt x 1332.98pt>
File: images/diffusion_eval_loss_no_masking.png Graphic file (type png)
<use images/diffusion_eval_loss_no_masking.png>
Package pdftex.def Info: images/diffusion_eval_loss_no_masking.png  used on input line 368.
(pdftex.def)             Requested size: 225.4804pt x 118.43755pt.
<images/diffusion_eval_loss_goal_masking.png, id=209, 2537.48pt x 1332.98pt>
File: images/diffusion_eval_loss_goal_masking.png Graphic file (type png)
<use images/diffusion_eval_loss_goal_masking.png>
Package pdftex.def Info: images/diffusion_eval_loss_goal_masking.png  used on input line 375.
(pdftex.def)             Requested size: 225.4804pt x 118.43755pt.
[12 <./images/cs_multi_action_cos_train.png> <./images/uc_multi_action_sim_test.png> <./images/dist_loss.png>]
Underfull \hbox (badness 10000) in paragraph at lines 382--383

 []

[13 <./images/diffusion_loss.png> <./images/diffusion_eval_loss_random_masking.png> <./images/diffusion_eval_loss_no_masking.png> <./images/diffusion_eval_loss_goal_masking.png>]
<images/total_loss.png, id=236, 2029.5825pt x 1065.9825pt>
File: images/total_loss.png Graphic file (type png)
<use images/total_loss.png>
Package pdftex.def Info: images/total_loss.png  used on input line 393.
(pdftex.def)             Requested size: 375.80544pt x 197.3826pt.

Underfull \hbox (badness 10000) in paragraph at lines 388--397

 []


Underfull \hbox (badness 10000) in paragraph at lines 398--399

 []


Underfull \hbox (badness 10000) in paragraph at lines 405--406

 []


Underfull \hbox (badness 10000) in paragraph at lines 407--408

 []


Underfull \hbox (badness 10000) in paragraph at lines 409--410

 []

[14 <./images/total_loss.png>]
<images/vint_dist_loss.png, id=247, 2271.48625pt x 1193.45876pt>
File: images/vint_dist_loss.png Graphic file (type png)
<use images/vint_dist_loss.png>
Package pdftex.def Info: images/vint_dist_loss.png  used on input line 417.
(pdftex.def)             Requested size: 225.4804pt x 118.46054pt.
File: images/gc_distloss_nomad.png Graphic file (type png)
<use images/gc_distloss_nomad.png>
Package pdftex.def Info: images/gc_distloss_nomad.png  used on input line 424.
(pdftex.def)             Requested size: 225.4804pt x 118.40515pt.
<images/dist_test_vint.png, id=248, 2537.48pt x 1332.98pt>
File: images/dist_test_vint.png Graphic file (type png)
<use images/dist_test_vint.png>
Package pdftex.def Info: images/dist_test_vint.png  used on input line 430.
(pdftex.def)             Requested size: 225.4804pt x 118.43755pt.
File: images/gc_dist_loss_test.png Graphic file (type png)
<use images/gc_dist_loss_test.png>
Package pdftex.def Info: images/gc_dist_loss_test.png  used on input line 437.
(pdftex.def)             Requested size: 225.4804pt x 118.40515pt.

Overfull \hbox (72.20732pt too wide) in paragraph at lines 411--442
[]\OT1/cmr/m/n/12 Here are some plots from WandB com-par-ing the two mod-els on the ba-sis of \OT1/cmtt/m/n/12 distance[]loss\OT1/cmr/m/n/12 ,\OT1/cmtt/m/n/12 action[]loss
 []

<images/action_train_vint.png, id=249, 2537.48pt x 1332.98pt>
File: images/action_train_vint.png Graphic file (type png)
<use images/action_train_vint.png>
Package pdftex.def Info: images/action_train_vint.png  used on input line 447.
(pdftex.def)             Requested size: 225.4804pt x 118.43755pt.
File: images/gc_actionloss_nomad.png Graphic file (type png)
<use images/gc_actionloss_nomad.png>
Package pdftex.def Info: images/gc_actionloss_nomad.png  used on input line 454.
(pdftex.def)             Requested size: 225.4804pt x 118.40515pt.
<images/action_test_vint.png, id=250, 2537.48pt x 1332.98pt>
File: images/action_test_vint.png Graphic file (type png)
<use images/action_test_vint.png>
Package pdftex.def Info: images/action_test_vint.png  used on input line 460.
(pdftex.def)             Requested size: 225.4804pt x 118.43755pt.
File: images/gc_actionloss_test_nomad.png Graphic file (type png)
<use images/gc_actionloss_test_nomad.png>
Package pdftex.def Info: images/gc_actionloss_test_nomad.png  used on input line 467.
(pdftex.def)             Requested size: 225.4804pt x 118.40515pt.
[15 <./images/vint_dist_loss.png> <./images/dist_test_vint.png>]
<images/distloss_vint.png, id=258, 2537.48pt x 1332.98pt>
File: images/distloss_vint.png Graphic file (type png)
<use images/distloss_vint.png>
Package pdftex.def Info: images/distloss_vint.png  used on input line 476.
(pdftex.def)             Requested size: 469.75502pt x 246.76015pt.
File: images/total_loss.png Graphic file (type png)
<use images/total_loss.png>
Package pdftex.def Info: images/total_loss.png  used on input line 481.
(pdftex.def)             Requested size: 469.75502pt x 246.71605pt.
 [16 <./images/action_train_vint.png> <./images/action_test_vint.png> <./images/distloss_vint.png>]
Underfull \hbox (badness 10000) in paragraph at lines 484--485

 []

[17]

Package hyperref Warning: Token not allowed in a PDF string (Unicode):
(hyperref)                removing `\\' on input line 506.


Underfull \hbox (badness 10000) in paragraph at lines 508--510

 []


Underfull \hbox (badness 10000) in paragraph at lines 514--518

 []

[18] [19]
Underfull \hbox (badness 10000) in paragraph at lines 561--562

 []

[20]
<nomad_diagram.png, id=297, 1583.9175pt x 467.7475pt>
File: nomad_diagram.png Graphic file (type png)
<use nomad_diagram.png>
Package pdftex.def Info: nomad_diagram.png  used on input line 608.
(pdftex.def)             Requested size: 399.29463pt x 117.91438pt.

Underfull \hbox (badness 10000) in paragraph at lines 616--618

 []

[21 <./nomad_diagram.png>]
Underfull \hbox (badness 10000) in paragraph at lines 643--644

 []

[22]
Underfull \hbox (badness 10000) in paragraph at lines 668--671

 []

[23] [24] [25] [26] [27] [28]
<images/old_dist_loss.png, id=346, 2537.48pt x 1332.98pt>
File: images/old_dist_loss.png Graphic file (type png)
<use images/old_dist_loss.png>
Package pdftex.def Info: images/old_dist_loss.png  used on input line 914.
(pdftex.def)             Requested size: 469.75502pt x 246.76015pt.
<images/diffloss.png, id=347, 3044.37375pt x 1598.97375pt>
File: images/diffloss.png Graphic file (type png)
<use images/diffloss.png>
Package pdftex.def Info: images/diffloss.png  used on input line 920.
(pdftex.def)             Requested size: 469.75502pt x 246.71605pt.
<images/totalloss_nomad.png, id=348, 3044.37375pt x 1598.97375pt>
File: images/totalloss_nomad.png Graphic file (type png)
<use images/totalloss_nomad.png>
Package pdftex.def Info: images/totalloss_nomad.png  used on input line 926.
(pdftex.def)             Requested size: 469.75502pt x 246.71605pt.
 [29 <./images/old_dist_loss.png> <./images/diffloss.png>]
Underfull \hbox (badness 10000) in paragraph at lines 930--933

 []


Underfull \hbox (badness 10000) in paragraph at lines 935--936

 []

<images/action_sim_train_vint.png, id=360, 2271.48625pt x 1193.45876pt>
File: images/action_sim_train_vint.png Graphic file (type png)
<use images/action_sim_train_vint.png>
Package pdftex.def Info: images/action_sim_train_vint.png  used on input line 941.
(pdftex.def)             Requested size: 225.4804pt x 118.46054pt.
File: images/gc_action_waypts_cos_sim_train.png Graphic file (type png)
<use images/gc_action_waypts_cos_sim_train.png>
Package pdftex.def Info: images/gc_action_waypts_cos_sim_train.png  used on input line 948.
(pdftex.def)             Requested size: 225.4804pt x 118.43755pt.
<images/action_sim_test_vint.png, id=361, 2271.48625pt x 1193.45876pt>
File: images/action_sim_test_vint.png Graphic file (type png)
<use images/action_sim_test_vint.png>
Package pdftex.def Info: images/action_sim_test_vint.png  used on input line 957.
(pdftex.def)             Requested size: 225.4804pt x 118.46054pt.
<images/gc_action_cos_sim_test.png, id=362, 3044.37375pt x 1598.97375pt>
File: images/gc_action_cos_sim_test.png Graphic file (type png)
<use images/gc_action_cos_sim_test.png>
Package pdftex.def Info: images/gc_action_cos_sim_test.png  used on input line 964.
(pdftex.def)             Requested size: 225.4804pt x 118.40515pt.
[30 <./images/totalloss_nomad.png>]
<images/multiaction_train_vint.png, id=369, 2271.48625pt x 1193.45876pt>
File: images/multiaction_train_vint.png Graphic file (type png)
<use images/multiaction_train_vint.png>
Package pdftex.def Info: images/multiaction_train_vint.png  used on input line 974.
(pdftex.def)             Requested size: 225.4804pt x 118.46054pt.
File: images/gc_multi_action_waypts_cos_sim.png Graphic file (type png)
<use images/gc_multi_action_waypts_cos_sim.png>
Package pdftex.def Info: images/gc_multi_action_waypts_cos_sim.png  used on input line 981.
(pdftex.def)             Requested size: 225.4804pt x 118.43755pt.
<images/multiaction_test_vint.png, id=370, 2271.48625pt x 1193.45876pt>
File: images/multiaction_test_vint.png Graphic file (type png)
<use images/multiaction_test_vint.png>
Package pdftex.def Info: images/multiaction_test_vint.png  used on input line 990.
(pdftex.def)             Requested size: 225.4804pt x 118.46054pt.
File: images/gc_multi_action_waypts_cos_sim_test.png Graphic file (type png)
<use images/gc_multi_action_waypts_cos_sim_test.png>
Package pdftex.def Info: images/gc_multi_action_waypts_cos_sim_test.png  used on input line 997.
(pdftex.def)             Requested size: 225.4804pt x 118.43755pt.
 [31 <./images/action_sim_train_vint.png> <./images/action_sim_test_vint.png> <./images/gc_action_cos_sim_test.png> <./images/multiaction_train_vint.png>] [32 <./images/multiaction_test_vint.png>]
<images/test_action_sample_vint.png, id=389, 1255.69125pt x 385.44pt>
File: images/test_action_sample_vint.png Graphic file (type png)
<use images/test_action_sample_vint.png>
Package pdftex.def Info: images/test_action_sample_vint.png  used on input line 1006.
(pdftex.def)             Requested size: 469.75502pt x 144.19264pt.

Underfull \hbox (badness 10000) in paragraph at lines 1003--1008

 []

<images/test_action_sample_vint_2.png, id=390, 1329.96875pt x 526.96875pt>
File: images/test_action_sample_vint_2.png Graphic file (type png)
<use images/test_action_sample_vint_2.png>
Package pdftex.def Info: images/test_action_sample_vint_2.png  used on input line 1011.
(pdftex.def)             Requested size: 469.75502pt x 186.1304pt.
[33 <./images/test_action_sample_vint.png> <./images/test_action_sample_vint_2.png>]
Underfull \hbox (badness 10000) in paragraph at lines 1017--1018

 []


Underfull \hbox (badness 10000) in paragraph at lines 1025--1026

 []


Underfull \hbox (badness 10000) in paragraph at lines 1031--1032

 []


Underfull \hbox (badness 10000) in paragraph at lines 1038--1039

 []

[34]
Underfull \hbox (badness 3323) in paragraph at lines 1049--1053
[]\OT1/cmr/m/n/12 Dhruv Shah et al. \OT1/cmr/m/it/12 No-MaD: A Dif-fu-sion Pol-icy for Vi-sual Nav-i-ga-tion\OT1/cmr/m/n/12 . 2023
 []


Underfull \hbox (badness 3138) in paragraph at lines 1076--1079
[]\OT1/cmr/m/n/12 Dhruv Shah et al., \OT1/cmr/m/it/12 ViNT: A Foun-da-tion Model for Vi-sual Nav-i-ga-tion \OT1/cmr/m/n/12 2023
 []

[35] (./report2.aux)
 ***********
LaTeX2e <2023-11-01> patch level 1
L3 programming layer <2024-01-22>
 ***********


LaTeX Warning: There were multiply-defined labels.

Package rerunfilecheck Info: File `report2.out' has not changed.
(rerunfilecheck)             Checksum: 3EB1D57B436A674AF33A122C5923751B;2946.
 ) 
Here is how much of TeX's memory you used:
 14047 strings out of 474222
 226701 string characters out of 5748733
 1935975 words of memory out of 5000000
 36045 multiletter control sequences out of 15000+600000
 569367 words of font info for 75 fonts, out of 8000000 for 9000
 1141 hyphenation exceptions out of 8191
 75i,9n,79p,713b,688s stack positions out of 10000i,1000n,20000p,200000b,200000s
</usr/share/texlive/texmf-dist/fonts/type1/public/amsfonts/cm/cmbx10.pfb></usr/share/texlive/texmf-dist/fonts/type1/public/amsfonts/cm/cmbx12.pfb></usr/share/texlive/texmf-dist/fonts/type1/public/amsfonts/cm/cmex10.pfb></usr/share/texlive/texmf-dist/fonts/type1/public/amsfonts/cm/cmmi12.pfb></usr/share/texlive/texmf-dist/fonts/type1/public/amsfonts/cm/cmmi8.pfb></usr/share/texlive/texmf-dist/fonts/type1/public/amsfonts/cm/cmmib10.pfb></usr/share/texlive/texmf-dist/fonts/type1/public/amsfonts/cm/cmr10.pfb></usr/share/texlive/texmf-dist/fonts/type1/public/amsfonts/cm/cmr12.pfb></usr/share/texlive/texmf-dist/fonts/type1/public/amsfonts/cm/cmr17.pfb></usr/share/texlive/texmf-dist/fonts/type1/public/amsfonts/cm/cmr6.pfb></usr/share/texlive/texmf-dist/fonts/type1/public/amsfonts/cm/cmr8.pfb></usr/share/texlive/texmf-dist/fonts/type1/public/amsfonts/cm/cmsy10.pfb></usr/share/texlive/texmf-dist/fonts/type1/public/amsfonts/cm/cmsy8.pfb></usr/share/texlive/texmf-dist/fonts/type1/public/amsfonts/cm/cmti12.pfb></usr/share/texlive/texmf-dist/fonts/type1/public/amsfonts/cm/cmtt12.pfb></usr/share/texmf/fonts/type1/public/cm-super/sfrm1200.pfb>
Output written on report2.pdf (35 pages, 13041751 bytes).
PDF statistics:
 510 PDF objects out of 1000 (max. 8388607)
 349 compressed objects within 4 object streams
 99 named destinations out of 1000 (max. 500000)
 373 words of extra memory for PDF output out of 10000 (max. 10000000)

